[15:17:19.733] Global cache location '/home/passky/.cache/typescript/4.2', safe file path '/home/passky/config/.emacs.d/.cache/lsp/npm/typescript/lib/node_modules/typescript/lib/typingSafeList.json', types map path /home/passky/config/.emacs.d/.cache/lsp/npm/typescript/lib/node_modules/typescript/lib/typesMap.json
[15:17:19.733] Processing cache location '/home/passky/.cache/typescript/4.2'
[15:17:19.733] Trying to find '/home/passky/.cache/typescript/4.2/package.json'...
[15:17:19.734] Loaded content of '/home/passky/.cache/typescript/4.2/package.json': {"private":true,"dependencies":{"types-registry":"^0.1.536"},"devDependencies":{"@types/react":"^17.0.3"}}
[15:17:19.734] Loaded content of '/home/passky/.cache/typescript/4.2/package-lock.json'
[15:17:19.741] Adding entry into typings cache: 'react' => '/home/passky/.cache/typescript/4.2/node_modules/@types/react/index.d.ts'
[15:17:19.741] Finished processing cache location '/home/passky/.cache/typescript/4.2'
[15:17:19.741] Process id: 23246
[15:17:19.741] NPM location: /usr/bin/npm (explicit '--npmLocation' not  provided)
[15:17:19.741] validateDefaultNpmLocation: false
[15:17:19.742] Npm config file: /home/passky/.cache/typescript/4.2/package.json
[15:17:19.742] Updating types-registry npm package...
[15:17:19.742] Exec: /usr/bin/npm install --ignore-scripts types-registry@latest
[15:17:20.916]     Succeeded. stdout:
    
    up to date in 1s

[15:17:20.916] Updated types-registry npm package
[15:17:20.929] Got install request {"projectName":"/dev/null/inferredProject1*","fileNames":["/home/passky/config/.emacs.d/.cache/lsp/npm/typescript/lib/node_modules/typescript/lib/lib.es5.d.ts","/home/passky/config/.emacs.d/.cache/lsp/npm/typescript/lib/node_modules/typescript/lib/lib.es2015.d.ts","/home/passky/config/.emacs.d/.cache/lsp/npm/typescript/lib/node_modules/typescript/lib/lib.es2016.d.ts","/home/passky/config/.emacs.d/.cache/lsp/npm/typescript/lib/node_modules/typescript/lib/lib.dom.d.ts","/home/passky/config/.emacs.d/.cache/lsp/npm/typescript/lib/node_modules/typescript/lib/lib.dom.iterable.d.ts","/home/passky/config/.emacs.d/.cache/lsp/npm/typescript/lib/node_modules/typescript/lib/lib.webworker.importscripts.d.ts","/home/passky/config/.emacs.d/.cache/lsp/npm/typescript/lib/node_modules/typescript/lib/lib.scripthost.d.ts","/home/passky/config/.emacs.d/.cache/lsp/npm/typescript/lib/node_modules/typescript/lib/lib.es2015.core.d.ts","/home/passky/config/.emacs.d/.cache/lsp/npm/typescript/lib/node_modules/typescript/lib/lib.es2015.collection.d.ts","/home/passky/config/.emacs.d/.cache/lsp/npm/typescript/lib/node_modules/typescript/lib/lib.es2015.generator.d.ts","/home/passky/config/.emacs.d/.cache/lsp/npm/typescript/lib/node_modules/typescript/lib/lib.es2015.iterable.d.ts","/home/passky/config/.emacs.d/.cache/lsp/npm/typescript/lib/node_modules/typescript/lib/lib.es2015.promise.d.ts","/home/passky/config/.emacs.d/.cache/lsp/npm/typescript/lib/node_modules/typescript/lib/lib.es2015.proxy.d.ts","/home/passky/config/.emacs.d/.cache/lsp/npm/typescript/lib/node_modules/typescript/lib/lib.es2015.reflect.d.ts","/home/passky/config/.emacs.d/.cache/lsp/npm/typescript/lib/node_modules/typescript/lib/lib.es2015.symbol.d.ts","/home/passky/config/.emacs.d/.cache/lsp/npm/typescript/lib/node_modules/typescript/lib/lib.es2015.symbol.wellknown.d.ts","/home/passky/config/.emacs.d/.cache/lsp/npm/typescript/lib/node_modules/typescript/lib/lib.es2016.array.include.d.ts","/home/passky/config/.emacs.d/.cache/lsp/npm/typescript/lib/node_modules/typescript/lib/lib.es2016.full.d.ts","/home/passky/config/a.json"],"compilerOptions":{"module":1,"target":3,"jsx":1,"allowJs":true,"allowSyntheticDefaultImports":true,"allowNonTsExtensions":true,"noEmitForJsFiles":true},"typeAcquisition":{"enable":true,"include":[],"exclude":[]},"unresolvedImports":[],"projectRootPath":"/home/passky/config","kind":"discover"}
[15:17:20.941] Loaded safelist from types map file '/home/passky/config/.emacs.d/.cache/lsp/npm/typescript/lib/node_modules/typescript/lib/typesMap.json'
[15:17:20.941] Explicitly included types: []
[15:17:20.941] Inferred typings from unresolved imports: []
[15:17:20.941] Result: {"cachedTypingPaths":[],"newTypingNames":[],"filesToWatch":["/home/passky/config/bower_components","/home/passky/config/node_modules"]}
[15:17:20.941] Finished typings discovery: {"cachedTypingPaths":[],"newTypingNames":[],"filesToWatch":["/home/passky/config/bower_components","/home/passky/config/node_modules"]}
[15:17:20.942] DirectoryWatcher:: Added:: WatchInfo: /home/passky/config/bower_components
[15:17:20.942] DirectoryWatcher:: Added:: WatchInfo: /home/passky/config/bower_components 1 undefined Project: /dev/null/inferredProject1* watcher already invoked: false
[15:17:20.943] Elapsed:: 0.8910739999264479ms DirectoryWatcher:: Added:: WatchInfo: /home/passky/config/bower_components 1 undefined Project: /dev/null/inferredProject1* watcher already invoked: false
[15:17:20.943] DirectoryWatcher:: Added:: WatchInfo: /home/passky/config/node_modules
[15:17:20.943] DirectoryWatcher:: Added:: WatchInfo: /home/passky/config/node_modules 1 undefined Project: /dev/null/inferredProject1* watcher already invoked: false
[15:17:20.943] Elapsed:: 0.07243900001049042ms DirectoryWatcher:: Added:: WatchInfo: /home/passky/config/node_modules 1 undefined Project: /dev/null/inferredProject1* watcher already invoked: false
[15:17:20.943] Sending response:
    {"projectName":"/dev/null/inferredProject1*","typeAcquisition":{"enable":true,"include":[],"exclude":[]},"compilerOptions":{"module":1,"target":3,"jsx":1,"allowJs":true,"allowSyntheticDefaultImports":true,"allowNonTsExtensions":true,"noEmitForJsFiles":true},"typings":[],"unresolvedImports":[],"kind":"action::set"}
[15:17:20.943] Response has been sent.
[15:17:20.943] No new typings were requested as a result of typings discovery
